 
Ansys Electronics Desktop Student Version 2025.2.0, Build: 2025-05-16 12:03:40
Location: C:\Program Files\ANSYS Inc\ANSYS Student\v252\AnsysEM\ansysedtsv.exe
Non Graphical Mode: No Project??
Starting Batch Run: 9:20:29 PM  Feb 21, 2026
Running as user : WIN-96S86466LF1\Administrator
Temp directory: C:\temp
Project directory: C:\Users\Administrator\Documents\Ansoft
-- Message Window --
      *Global - Messages
        [info] GRPC server running on port: 50051. 
-- Message Window --
Stopping Batch Run: 9:22:29 PM  Feb 21, 2026
 
Ansys Electronics Desktop Student Version 2025.2.0, Build: 2025-05-16 12:03:40
Location: C:\Program Files\ANSYS Inc\ANSYS Student\v252\AnsysEM\ansysedtsv.exe
Non Graphical Mode: No Project??
Starting Batch Run: 9:23:49 PM  Feb 21, 2026
Running as user : WIN-96S86466LF1\Administrator
Temp directory: C:\temp
Project directory: C:\Users\Administrator\Documents\Ansoft
-- Message Window --
      *Global - Messages
        [info] GRPC server running on port: 50051. 
-- Message Window --
Stopping Batch Run: 9:25:48 PM  Feb 21, 2026
 
Ansys Electronics Desktop Student Version 2025.2.0, Build: 2025-05-16 12:03:40
Location: C:\Program Files\ANSYS Inc\ANSYS Student\v252\AnsysEM\ansysedtsv.exe
Non Graphical Mode: No Project??
Starting Batch Run: 9:33:34 PM  Feb 21, 2026
Running as user : WIN-96S86466LF1\Administrator
Temp directory: C:\temp
Project directory: C:\Users\Administrator\Documents\Ansoft
The project 'Patch_Optuna' has been edited and/or solved. Do you want to save the changes?
-- Message Window --
      *Global - Messages
        [info] GRPC server running on port: 50051. 
        [info] The project 'Patch_Optuna' has been edited and/or solved. Do you want to save the changes?
      Patch_Optuna (C:/Users/Administrator/Documents/Ansoft/)
        HFSS_3ZN (Modal Network)
          [warning] Renormalizing the port impedance will not impact the field results if the 'Include Port Post Processing Effects' is disabled in Edit Sources. (09:33:51 PM  Feb 21, 2026)
          [warning] Adaptive Passes did not converge based on specified criteria. (09:34:32 PM  Feb 21, 2026)
          [info] A discrete frequency sweep with 101 point(s) has been started using HFSS - Solving Distributed. (09:34:32 PM  Feb 21, 2026)
          [info] Discrete frequency sweep complete. (09:35:45 PM  Feb 21, 2026)
          [info] Normal completion of simulation on server: Local Machine. (09:35:45 PM  Feb 21, 2026)
-- Message Window --
Stopping Batch Run: 9:46:22 PM  Feb 21, 2026
 
Ansys Electronics Desktop Student Version 2025.2.0, Build: 2025-05-16 12:03:40
Location: C:\Program Files\ANSYS Inc\ANSYS Student\v252\AnsysEM\ansysedtsv.exe
Non Graphical Mode: No Project??
Starting Batch Run: 9:46:24 PM  Feb 21, 2026
Running as user : WIN-96S86466LF1\Administrator
Temp directory: C:\temp
Project directory: C:\Users\Administrator\Documents\Ansoft
The project 'Patch_Optuna_Teste' has been edited and/or solved. Do you want to save the changes?
-- Message Window --
      *Global - Messages
        [info] GRPC server running on port: 50051. 
        [info] The project 'Patch_Optuna_Teste' has been edited and/or solved. Do you want to save the changes?
      Patch_Optuna_Teste (C:/Users/Administrator/Documents/Ansoft/)
        HFSS_FUC (Modal Network)
          [warning] Renormalizing the port impedance will not impact the field results if the 'Include Port Post Processing Effects' is disabled in Edit Sources. (09:46:41 PM  Feb 21, 2026)
          [warning] Adaptive Passes did not converge based on specified criteria. (09:47:00 PM  Feb 21, 2026)
          [info] A discrete frequency sweep with 101 point(s) has been started using HFSS - Solving Distributed. (09:47:00 PM  Feb 21, 2026)
          [info] Discrete frequency sweep complete. (09:48:13 PM  Feb 21, 2026)
          [info] Normal completion of simulation on server: Local Machine. (09:48:13 PM  Feb 21, 2026)
          [warning] The variable  'Phase' doesn't have an associated sweep and is excluded from the definition of trace. (09:48:14 PM  Feb 21, 2026)
-- Message Window --
Stopping Batch Run: 9:50:13 PM  Feb 21, 2026
 
Ansys Electronics Desktop Student Version 2025.2.0, Build: 2025-05-16 12:03:40
Location: C:\Program Files\ANSYS Inc\ANSYS Student\v252\AnsysEM\ansysedtsv.exe
Non Graphical Mode: No Project??
Starting Batch Run: 9:50:13 PM  Feb 21, 2026
Running as user : WIN-96S86466LF1\Administrator
Temp directory: C:\temp
Project directory: C:\Users\Administrator\Documents\Ansoft
 
Ansys Electronics Desktop Student Version 2025.2.0, Build: 2025-05-16 12:03:40
Location: C:\Program Files\ANSYS Inc\ANSYS Student\v252\AnsysEM\ansysedtsv.exe
Non Graphical Mode: No Project??
Starting Batch Run: 10:01:17 PM  Feb 21, 2026
Running as user : WIN-96S86466LF1\Administrator
Temp directory: C:\temp
Project directory: C:\Users\Administrator\Documents\Ansoft
The project 'Patch_Optuna_Teste' has been edited and/or solved. Do you want to save the changes?
-- Message Window --
      *Global - Messages
        [info] GRPC server running on port: 50051. 
        [info] The project 'Patch_Optuna_Teste' has been edited and/or solved. Do you want to save the changes?
      Patch_Optuna_Teste (C:/Users/Administrator/Documents/Ansoft/)
        HFSS_0O2 (Modal Network)
          [warning] Renormalizing the port impedance will not impact the field results if the 'Include Port Post Processing Effects' is disabled in Edit Sources. (10:01:59 PM  Feb 21, 2026)
          [warning] Adaptive Passes did not converge based on specified criteria. (10:02:18 PM  Feb 21, 2026)
          [info] A discrete frequency sweep with 101 point(s) has been started using HFSS - Solving Distributed. (10:02:18 PM  Feb 21, 2026)
          [info] Discrete frequency sweep complete. (10:03:31 PM  Feb 21, 2026)
          [info] Normal completion of simulation on server: Local Machine. (10:03:32 PM  Feb 21, 2026)
          [warning] The variable  'Phase' doesn't have an associated sweep and is excluded from the definition of trace. (10:03:32 PM  Feb 21, 2026)
-- Message Window --
Stopping Batch Run: 10:06:38 PM  Feb 21, 2026
25.2.0, Build: 2025-05-16 12:03:40
Location: C:\Program Files\ANSYS Inc\ANSYS Student\v252\AnsysEM\ansysedtsv.exe
Non Graphical Mode: No Project??
Starting Batch Run: 10:06:28 PM  Feb 21, 2026
Running as user : WIN-96S86466LF1\Administrator
Temp directory: C:\temp
Project directory: C:\Users\Administrator\Documents\Ansoft
-- Message Window --
      *Global - Messages
        [info] GRPC server running on port: 50052. 
-- Message Window --
Stopping Batch Run: 10:14:32 PM  Feb 21, 2026
 
Ansys Electronics Desktop Student Version 2025.2.0, Build: 2025-05-16 12:03:40
Location: C:\Program Files\ANSYS Inc\ANSYS Student\v252\AnsysEM\ansysedtsv.exe
Non Graphical Mode: No Project??
Starting Batch Run: 10:17:23 PM  Feb 21, 2026
Running as user : WIN-96S86466LF1\Administrator
Temp directory: C:\temp
Project directory: C:\Users\Administrator\Documents\Ansoft
-- Message Window --
      *Global - Messages
        [info] GRPC server running on port: 50051. 
-- Message Window --
Stopping Batch Run: 10:33:17 PM  Feb 21, 2026
 
Ansys Electronics Desktop Student Version 2025.2.0, Build: 2025-05-16 12:03:40
Location: C:\Program Files\ANSYS Inc\ANSYS Student\v252\AnsysEM\ansysedtsv.exe
Non Graphical Mode: No Project??
Starting Batch Run: 10:36:09 PM  Feb 21, 2026
Running as user : WIN-96S86466LF1\Administrator
Temp directory: C:\temp
Project directory: C:\Users\Administrator\Documents\Ansoft
-- Message Window --
      *Global - Messages
        [info] GRPC server running on port: 50051. 
-- Message Window --
Stopping Batch Run: 10:52:11 PM  Feb 21, 2026
 
Ansys Electronics Desktop Student Version 2025.2.0, Build: 2025-05-16 12:03:40
Location: C:\Program Files\ANSYS Inc\ANSYS Student\v252\AnsysEM\ansysedtsv.exe
Non Graphical Mode: No Project??
Starting Batch Run: 11:01:15 PM  Feb 21, 2026
Running as user : WIN-96S86466LF1\Administrator
Temp directory: C:\temp
Project directory: C:\Users\Administrator\Documents\Ansoft
-- Message Window --
      *Global - Messages
        [info] GRPC server running on port: 50051. 
-- Message Window --
Stopping Batch Run: 11:17:16 PM  Feb 21, 2026
 
Ansys Electronics Desktop Student Version 2025.2.0, Build: 2025-05-16 12:03:40
Location: C:\Program Files\ANSYS Inc\ANSYS Student\v252\AnsysEM\ansysedtsv.exe
Non Graphical Mode: No Project??
Starting Batch Run: 11:29:47 PM  Feb 21, 2026
Running as user : WIN-96S86466LF1\Administrator
Temp directory: C:\temp
Project directory: C:\Users\Administrator\Documents\Ansoft
-- Message Window --
      *Global - Messages
        [info] GRPC server running on port: 50051. 
-- Message Window --
Stopping Batch Run: 12:01:38 AM  Feb 22, 2026
 
Ansys Electronics Desktop Student Version 2025.2.0, Build: 2025-05-16 12:03:40
Location: C:\Program Files\ANSYS Inc\ANSYS Student\v252\AnsysEM\ansysedtsv.exe
Non Graphical Mode: No Project??
Starting Batch Run: 12:18:30 AM  Feb 22, 2026
Running as user : WIN-96S86466LF1\Administrator
Temp directory: C:\temp
Project directory: C:\Users\Administrator\Documents\Ansoft
The project 'AntennaPatch_Atividade05' has been edited and/or solved. Do you want to save the changes?
-- Message Window --
      *Global - Messages
        [info] GRPC server running on port: 50051. 
        [info] The project 'AntennaPatch_Atividade05' has been edited and/or solved. Do you want to save the changes?
      AntennaPatch_Atividade05 (C:/Users/ADMINI~1/AppData/Local/Temp/Antenna_TLQ55G/)
        HFSS_YXO (Modal Network)
          [warning] Renormalizing the port impedance will not impact the field results if the 'Include Port Post Processing Effects' is disabled in Edit Sources. (12:19:06 AM  Feb 22, 2026)
          [warning] Adaptive Passes did not converge based on specified criteria. (12:19:24 AM  Feb 22, 2026)
          [info] A discrete frequency sweep with 101 point(s) has been started using HFSS - Solving Distributed. (12:19:24 AM  Feb 22, 2026)
          [info] Discrete frequency sweep complete. (12:20:38 AM  Feb 22, 2026)
          [info] Normal completion of simulation on server: Local Machine. (12:20:38 AM  Feb 22, 2026)
          [warning] The variable  'Phase' doesn't have an associated sweep and is excluded from the definition of trace. (12:20:38 AM  Feb 22, 2026)
          [warning] The variable  'Phase' doesn't have an associated sweep and is excluded from the definition of trace. (12:20:39 AM  Feb 22, 2026)
-- Message Window --
Stopping Batch Run: 12:25:13 AM  Feb 22, 2026
 
Ansys Electronics Desktop Student Version 2025.2.0, Build: 2025-05-16 12:03:40
Location: C:\Program Files\ANSYS Inc\ANSYS Student\v252\AnsysEM\ansysedtsv.exe
Non Graphical Mode: No Project??
Starting Batch Run: 12:33:17 AM  Feb 22, 2026
Running as user : WIN-96S86466LF1\Administrator
Temp directory: C:\temp
Project directory: C:\Users\Administrator\Documents\Ansoft
-- Message Window --
      *Global - Messages
        [info] GRPC server running on port: 50051. 
-- Message Window --
Stopping Batch Run: 1:05:01 AM  Feb 22, 2026
 
Ansys Electronics Desktop Student Version 2025.2.0, Build: 2025-05-16 12:03:40
Location: C:\Program Files\ANSYS Inc\ANSYS Student\v252\AnsysEM\ansysedtsv.exe
Non Graphical Mode: No Project??
Starting Batch Run: 12:29:35 AM  Feb 23, 2026
Running as user : WIN-96S86466LF1\Administrator
Temp directory: C:\temp
Project directory: C:\Users\Administrator\Documents\Ansoft
The project 'AntennaPatch_Atividade05' has been edited and/or solved. Do you want to save the changes?
-- Message Window --
      *Global - Messages
        [info] GRPC server running on port: 50051. 
        [info] The project 'AntennaPatch_Atividade05' has been edited and/or solved. Do you want to save the changes?
      AntennaPatch_Atividade05 (C:/Users/ADMINI~1/AppData/Local/Temp/Antenna_76Q591/)
        HFSS_N42 (Modal Network)
          [warning] Renormalizing the port impedance will not impact the field results if the 'Include Port Post Processing Effects' is disabled in Edit Sources. (12:30:27 AM  Feb 23, 2026)
          [warning] Adaptive Passes did not converge based on specified criteria. (12:30:47 AM  Feb 23, 2026)
          [info] A discrete frequency sweep with 101 point(s) has been started using HFSS - Solving Distributed. (12:30:47 AM  Feb 23, 2026)
          [info] Discrete frequency sweep complete. (12:32:01 AM  Feb 23, 2026)
          [info] Normal completion of simulation on server: Local Machine. (12:32:01 AM  Feb 23, 2026)
          [warning] The variable  'Phase' doesn't have an associated sweep and is excluded from the definition of trace. (12:32:02 AM  Feb 23, 2026)
          [warning] The variable  'Phase' doesn't have an associated sweep and is excluded from the definition of trace. (12:32:02 AM  Feb 23, 2026)
-- Message Window --
Stopping Batch Run: 12:34:12 AM  Feb 23, 2026
